{
  "RSpec": {
    "coverage": {
      "/Users/faryahussain/Makers/rps/app.rb": {
        "lines": [
          1,
          1,
          1,
          null,
          1,
          1,
          1,
          null,
          1,
          3,
          null,
          null,
          1,
          3,
          3,
          null,
          null,
          1,
          3,
          3,
          null,
          null,
          1,
          2,
          2,
          null,
          null,
          1,
          2,
          2,
          2,
          null,
          null,
          1,
          null
        ]
      },
      "/Users/faryahussain/Makers/rps/spec/web_helpers.rb": {
        "lines": [
          1,
          3,
          3,
          3,
          null
        ]
      },
      "/Users/faryahussain/Makers/rps/spec/features/choose_weapon_spec.rb": {
        "lines": [
          1,
          1,
          1,
          1,
          1,
          null,
          null
        ]
      },
      "/Users/faryahussain/Makers/rps/spec/features/enter_player_spec.rb": {
        "lines": [
          1,
          1,
          1,
          1,
          null,
          null
        ]
      },
      "/Users/faryahussain/Makers/rps/spec/features/opponent_choice_spec.rb": {
        "lines": [
          1,
          1,
          1,
          1,
          1,
          null,
          null
        ]
      }
    },
    "timestamp": 1635003826
  }
}
